<?xml version="1.0" encoding="UTF-8"?>
<!-- Generated by org.testng.reporters.JUnitReportReporter -->
<testsuite hostname="LAPTOP-IKS9SD1L" failures="0" tests="2" name="testcases.LoginTest" time="8.256" errors="0" timestamp="19 Mar 2023 02:19:08 GMT" skipped="0">
  <testcase classname="testcases.LoginTest" name="LoginsAsManager" time="7.722"/>
  <testcase classname="testcases.LoginTest" name="LoginsAsMember" time="0.534"/>
</testsuite> <!-- testcases.LoginTest -->
