<?xml version="1.0" encoding="UTF-8"?>
<!-- Generated by org.testng.reporters.JUnitReportReporter -->
<testsuite hostname="LAPTOP-IKS9SD1L" failures="0" tests="23" name="testcases.addCustomerTest" time="32.175" errors="0" timestamp="19 Mar 2023 02:19:08 GMT" skipped="1">
  <testcase classname="testcases.addCustomerTest" name="addCustomerTest" time="1.272"/>
  <testcase classname="testcases.addCustomerTest" name="addCustomerTest" time="1.272"/>
  <testcase classname="testcases.addCustomerTest" name="addCustomerTest" time="1.442"/>
  <testcase classname="testcases.addCustomerTest" name="addCustomerTest" time="1.443"/>
  <testcase classname="testcases.addCustomerTest" name="addCustomerTest" time="1.338"/>
  <testcase classname="testcases.addCustomerTest" name="addCustomerTest" time="1.242"/>
  <testcase classname="testcases.addCustomerTest" name="addCustomerTest" time="1.477"/>
  <testcase classname="testcases.addCustomerTest" name="addCustomerTest" time="1.753"/>
  <testcase classname="testcases.addCustomerTest" name="addCustomerTest" time="1.564"/>
  <testcase classname="testcases.addCustomerTest" name="addCustomerTest" time="1.958"/>
  <testcase classname="testcases.addCustomerTest" name="addCustomerTest" time="1.517"/>
  <testcase classname="testcases.addCustomerTest" name="addCustomerTest" time="1.565"/>
  <testcase classname="testcases.addCustomerTest" name="addCustomerTest" time="1.335"/>
  <testcase classname="testcases.addCustomerTest" name="addCustomerTest" time="1.549"/>
  <testcase classname="testcases.addCustomerTest" name="addCustomerTest" time="1.364"/>
  <testcase classname="testcases.addCustomerTest" name="addCustomerTest" time="1.463"/>
  <testcase classname="testcases.addCustomerTest" name="addCustomerTest" time="1.433"/>
  <testcase classname="testcases.addCustomerTest" name="addCustomerTest" time="1.603"/>
  <testcase classname="testcases.addCustomerTest" name="addCustomerTest" time="1.329"/>
  <testcase classname="testcases.addCustomerTest" name="addCustomerTest" time="1.303"/>
  <testcase classname="testcases.addCustomerTest" name="addCustomerTest" time="1.408"/>
  <testcase classname="testcases.addCustomerTest" name="addCustomerTest" time="1.310"/>
  <testcase classname="testcases.addCustomerTest" name="screenshotValidationAmeo" time="0.235">
    <skipped/>
  </testcase> <!-- screenshotValidationAmeo -->
</testsuite> <!-- testcases.addCustomerTest -->
