<?xml version="1.0" encoding="UTF-8"?>
<!-- Generated by org.testng.reporters.JUnitReportReporter -->
<testsuite hostname="LAPTOP-IKS9SD1L" failures="0" tests="1" name="testcases.OpenAccountTest" time="1.237" errors="0" timestamp="19 Mar 2023 02:19:08 GMT" skipped="0">
  <testcase classname="testcases.OpenAccountTest" name="openAccountForExistingCustomers" time="1.237"/>
</testsuite> <!-- testcases.OpenAccountTest -->
